0 info it worked if it ends with ok
1 verbose cli [ '/Users/sfoote/.nvm/v0.10.28/bin/node',
1 verbose cli   '/Users/sfoote/.nvm/v0.10.28/bin/npm',
1 verbose cli   'publish',
1 verbose cli   '.' ]
2 info using npm@1.4.9
3 info using node@v0.10.28
4 verbose publish [ '.' ]
5 verbose cache add [ '.', null ]
6 verbose cache add name=undefined spec="." args=[".",null]
7 verbose parsed url { protocol: null,
7 verbose parsed url   slashes: null,
7 verbose parsed url   auth: null,
7 verbose parsed url   host: null,
7 verbose parsed url   port: null,
7 verbose parsed url   hostname: null,
7 verbose parsed url   hash: null,
7 verbose parsed url   search: null,
7 verbose parsed url   query: null,
7 verbose parsed url   pathname: '.',
7 verbose parsed url   path: '.',
7 verbose parsed url   href: '.' }
8 silly lockFile 3a52ce78- .
9 verbose lock . /Users/sfoote/.npm/3a52ce78-.lock
10 verbose tar pack [ '/var/folders/b7/cv9t04hd0k335wq1ynjprcpw00040x/T/npm-16193-l08qUZx_/1401812481945-0.23716680612415075/tmp.tgz',
10 verbose tar pack   '.' ]
11 verbose tarball /var/folders/b7/cv9t04hd0k335wq1ynjprcpw00040x/T/npm-16193-l08qUZx_/1401812481945-0.23716680612415075/tmp.tgz
12 verbose folder .
13 info prepublish swiffer@0.0.6
14 silly lockFile 1f1177db-tar tar://.
15 verbose lock tar://. /Users/sfoote/.npm/1f1177db-tar.lock
16 silly lockFile b38e0501-1945-0-23716680612415075-tmp-tgz tar:///var/folders/b7/cv9t04hd0k335wq1ynjprcpw00040x/T/npm-16193-l08qUZx_/1401812481945-0.23716680612415075/tmp.tgz
17 verbose lock tar:///var/folders/b7/cv9t04hd0k335wq1ynjprcpw00040x/T/npm-16193-l08qUZx_/1401812481945-0.23716680612415075/tmp.tgz /Users/sfoote/.npm/b38e0501-1945-0-23716680612415075-tmp-tgz.lock
18 silly lockFile 1f1177db-tar tar://.
19 silly lockFile 1f1177db-tar tar://.
20 silly lockFile b38e0501-1945-0-23716680612415075-tmp-tgz tar:///var/folders/b7/cv9t04hd0k335wq1ynjprcpw00040x/T/npm-16193-l08qUZx_/1401812481945-0.23716680612415075/tmp.tgz
21 silly lockFile b38e0501-1945-0-23716680612415075-tmp-tgz tar:///var/folders/b7/cv9t04hd0k335wq1ynjprcpw00040x/T/npm-16193-l08qUZx_/1401812481945-0.23716680612415075/tmp.tgz
22 verbose tar unpack /var/folders/b7/cv9t04hd0k335wq1ynjprcpw00040x/T/npm-16193-l08qUZx_/1401812481945-0.23716680612415075/tmp.tgz
23 silly lockFile a4a5dfe6-sfoote-npm-swiffer-0-0-6-package tar:///Users/sfoote/.npm/swiffer/0.0.6/package
24 verbose lock tar:///Users/sfoote/.npm/swiffer/0.0.6/package /Users/sfoote/.npm/a4a5dfe6-sfoote-npm-swiffer-0-0-6-package.lock
25 silly lockFile b38e0501-1945-0-23716680612415075-tmp-tgz tar:///var/folders/b7/cv9t04hd0k335wq1ynjprcpw00040x/T/npm-16193-l08qUZx_/1401812481945-0.23716680612415075/tmp.tgz
26 verbose lock tar:///var/folders/b7/cv9t04hd0k335wq1ynjprcpw00040x/T/npm-16193-l08qUZx_/1401812481945-0.23716680612415075/tmp.tgz /Users/sfoote/.npm/b38e0501-1945-0-23716680612415075-tmp-tgz.lock
27 silly gunzTarPerm modes [ '755', '644' ]
28 silly gunzTarPerm extractEntry package.json
29 silly gunzTarPerm extractEntry .npmignore
30 silly gunzTarPerm extractEntry README.md
31 silly gunzTarPerm extractEntry LICENSE
32 silly gunzTarPerm extractEntry Swiffer.js
33 silly gunzTarPerm extractEntry .swifferrc
34 silly gunzTarPerm extractEntry examples/comments.tl
35 silly gunzTarPerm extractEntry examples/jsControl.tl
36 silly gunzTarPerm extractEntry test/unit/Swiffer.spec.js
37 silly gunzTarPerm extractEntry util/pathUtil.js
38 silly gunzTarPerm extractEntry bin/swiffer
39 silly lockFile a4a5dfe6-sfoote-npm-swiffer-0-0-6-package tar:///Users/sfoote/.npm/swiffer/0.0.6/package
40 silly lockFile a4a5dfe6-sfoote-npm-swiffer-0-0-6-package tar:///Users/sfoote/.npm/swiffer/0.0.6/package
41 silly lockFile b38e0501-1945-0-23716680612415075-tmp-tgz tar:///var/folders/b7/cv9t04hd0k335wq1ynjprcpw00040x/T/npm-16193-l08qUZx_/1401812481945-0.23716680612415075/tmp.tgz
42 silly lockFile b38e0501-1945-0-23716680612415075-tmp-tgz tar:///var/folders/b7/cv9t04hd0k335wq1ynjprcpw00040x/T/npm-16193-l08qUZx_/1401812481945-0.23716680612415075/tmp.tgz
43 silly lockFile 3a52ce78- .
44 silly lockFile 3a52ce78- .
45 silly publish { name: 'swiffer',
45 silly publish   main: 'Swiffer.js',
45 silly publish   description: 'Command line syntax checker for Dust.',
45 silly publish   version: '0.0.6',
45 silly publish   author: { name: 'Steven Foote', email: 'sfoote@linkedin.com' },
45 silly publish   keywords: [ 'Dust', 'syntax', 'lint' ],
45 silly publish   repository:
45 silly publish    { type: 'git',
45 silly publish      url: 'https://github.com/smfoote/Swiffer.js.git' },
45 silly publish   bugs: { url: 'https://github.com/smfoote/Swiffer.js/issues' },
45 silly publish   license: 'Apache Software License 2.0',
45 silly publish   engines: { node: '>=0.8.0' },
45 silly publish   bin: { swiffer: './bin/swiffer' },
45 silly publish   dependencies:
45 silly publish    { 'dustjs-linkedin': 'latest',
45 silly publish      underscore: '1.5.1',
45 silly publish      cli: '0.4.x' },
45 silly publish   devDependencies: { mocha: '1.12.0', sinon: '1.7.3', 'expect.js': '0.2.0' },
45 silly publish   scripts: { test: 'mocha test/unit/ --recursive --reporter nyan' },
45 silly publish   readmeFilename: 'README.md',
45 silly publish   gitHead: 'f528e967e204ad73c52281ed3b351390656ade32',
45 silly publish   directories: { example: 'examples', test: 'test' },
45 silly publish   readme: 'Swiffer\n=======\nClean up your Dust\n\nSummary\n=======\nSwiffer is a command line lint tool with IDE integration that helps you keep your dust clean. It warns about Dust parse errors, then checks any set of rules defined using the Swiffer DSL (see below).\n\nHow it works:\n=============\nSwiffer uses Dust\'s dust.parse to create an Abstract Syntax Tree (AST) of the given Dust template. If there are any errors, Swiffer displays these then exits. If the template is successfully parsed, Swiffer walks the AST and checks all applicable rules for each node of the tree.\n\nGetting Started:\n================\n\n1. run `npm install -g swiffer`\n4. Go wild. Create your own rules in .swifferrc and test your own templates.\n\nDSL examples:\n===========\n```\n[\n  {\n    "name": "ifDeprecation",\n    "description": "The @if creates a security hole and should be repalced by @eq, @gt, @lt, etc.",\n    "target": {\n      "type": "@",\n      "matches": "if"\n    }\n  },\n  {\n    "name": "special characters",\n    "description": "Use one of the available special characters: s, n, r, lb, rb",\n    "target": {\n      "type": "special"\n    },\n    "conditions": {\n      "matches": "[s|n|r|lb|rb]"\n    }\n  },\n  {\n    "name": "jsControl |j|s",\n    "description": "references within a jsControl should have |j|s",\n    "target": {\n      "type": "reference",\n      "within": "@jsControl"\n    },\n    "conditions": {\n      "has": {\n        "filters": ["j", "s"]\n      }\n    }\n  }\n]\n```\n',
45 silly publish   homepage: 'https://github.com/smfoote/Swiffer.js',
45 silly publish   _id: 'swiffer@0.0.6',
45 silly publish   _shasum: 'f2817eea6eabcb4bffbcaa2b2bfc514ff8ddb23d',
45 silly publish   _from: '.' }
46 verbose url raw swiffer
47 verbose url resolving [ 'https://registry.npmjs.org/', './swiffer' ]
48 verbose url resolved https://registry.npmjs.org/swiffer
49 info trying registry request attempt 1 at 09:21:22
50 http PUT https://registry.npmjs.org/swiffer
51 http 403 https://registry.npmjs.org/swiffer
52 verbose headers { date: 'Tue, 03 Jun 2014 16:21:19 GMT',
52 verbose headers   server: 'CouchDB/1.5.0 (Erlang OTP/R14B04)',
52 verbose headers   'content-type': 'application/json',
52 verbose headers   'cache-control': 'max-age=1',
52 verbose headers   'content-length': '6708',
52 verbose headers   'accept-ranges': 'bytes',
52 verbose headers   via: '1.1 varnish',
52 verbose headers   'x-served-by': 'cache-lax1421-LAX',
52 verbose headers   'x-cache': 'MISS',
52 verbose headers   'x-cache-hits': '0',
52 verbose headers   'x-timer': 'S1401812479.635245,VS0,VE134',
52 verbose headers   'keep-alive': 'timeout=10, max=50',
52 verbose headers   connection: 'Keep-Alive' }
53 error publish Failed PUT 403
54 error Error: forbidden cannot modify pre-existing version: 0.0.6
54 error old={"name":"swiffer","main":"Swiffer.js","description":"Command line syntax checker for Dust.","version":"0.0.6","author":{"name":"Steven Foote","email":"sfoote@linkedin.com"},"keywords":["Dust","syntax","lint"],"repository":{"type":"git","url":"https://github.com/smfoote/Swiffer.js.git"},"bugs":{"url":"https://github.com/smfoote/Swiffer.js/issues"},"license":"Apache Software License 2.0","engines":{"node":">=0.8.0"},"bin":{"swiffer":"./bin/swiffer"},"dependencies":{"dustjs-linkedin":"latest","underscore":"1.5.1","cli":"0.4.x"},"devDependencies":{"mocha":"1.12.0","sinon":"1.7.3","expect.js":"0.2.0"},"scripts":{"test":"mocha test/unit/ --recursive --reporter nyan"},"readmeFilename":"README.md","gitHead":"f528e967e204ad73c52281ed3b351390656ade32","directories":{"example":"examples","test":"test"},"readme":"Swiffer\u000a=======\u000aClean up your Dust\u000a\u000aSummary\u000a=======\u000aSwiffer is a command line lint tool with IDE integration that helps you keep your dust clean. It warns about Dust parse errors, then checks any set of rules defined using the Swiffer DSL (see below).\u000a\u000aHow it works:\u000a=============\u000aSwiffer uses Dust's dust.parse to create an Abstract Syntax Tree (AST) of the given Dust template. If there are any errors, Swiffer displays these then exits. If the template is successfully parsed, Swiffer walks the AST and checks all applicable rules for each node of the tree.\u000a\u000aGetting Started:\u000a================\u000a\u000a1. run `npm install -g swiffer`\u000a4. Go wild. Create your own rules in .swifferrc and test your own templates.\u000a\u000aDSL examples:\u000a===========\u000a```\u000a[\u000a  {\u000a    \"name\": \"ifDeprecation\",\u000a    \"description\": \"The @if creates a security hole and should be repalced by @eq, @gt, @lt, etc.\",\u000a    \"target\": {\u000a      \"type\": \"@\",\u000a      \"matches\": \"if\"\u000a    }\u000a  },\u000a  {\u000a    \"name\": \"special characters\",\u000a    \"description\": \"Use one of the available special characters: s, n, r, lb, rb\",\u000a    \"target\": {\u000a      \"type\": \"special\"\u000a    },\u000a    \"conditions\": {\u000a      \"matches\": \"[s|n|r|lb|rb]\"\u000a    }\u000a  },\u000a  {\u000a    \"name\": \"jsControl |j|s\",\u000a    \"description\": \"references within a jsControl should have |j|s\",\u000a    \"target\": {\u000a      \"type\": \"reference\",\u000a      \"within\": \"@jsControl\"\u000a    },\u000a    \"conditions\": {\u000a      \"has\": {\u000a        \"filters\": [\"j\", \"s\"]\u000a      }\u000a    }\u000a  }\u000a]\u000a```\u000a","_id":"swiffer@0.0.6","dist":{"shasum":"3077a2c6d249bf8afd90499f555e2a2069c6155a","tarball":"http://registry.npmjs.org/swiffer/-/swiffer-0.0.6.tgz"},"_from":".","_npmVersion":"1.2.14","_npmUser":{"name":"smfoote","email":"smfoote@gmail.com"},"maintainers":[{"name":"smfoote","email":"smfoote@gmail.com"}]}
54 error new={"name":"swiffer","main":"Swiffer.js","description":"Command line syntax checker for Dust.","version":"0.0.6","author":{"name":"Steven Foote","email":"sfoote@linkedin.com"},"keywords":["Dust","syntax","lint"],"repository":{"type":"git","url":"https://github.com/smfoote/Swiffer.js.git"},"bugs":{"url":"https://github.com/smfoote/Swiffer.js/issues"},"license":"Apache Software License 2.0","engines":{"node":">=0.8.0"},"bin":{"swiffer":"./bin/swiffer"},"dependencies":{"dustjs-linkedin":"latest","underscore":"1.5.1","cli":"0.4.x"},"devDependencies":{"mocha":"1.12.0","sinon":"1.7.3","expect.js":"0.2.0"},"scripts":{"test":"mocha test/unit/ --recursive --reporter nyan"},"readmeFilename":"README.md","gitHead":"f528e967e204ad73c52281ed3b351390656ade32","directories":{"example":"examples","test":"test"},"readme":"Swiffer\u000a=======\u000aClean up your Dust\u000a\u000aSummary\u000a=======\u000aSwiffer is a command line lint tool with IDE integration that helps you keep your dust clean. It warns about Dust parse errors, then checks any set of rules defined using the Swiffer DSL (see below).\u000a\u000aHow it works:\u000a=============\u000aSwiffer uses Dust's dust.parse to create an Abstract Syntax Tree (AST) of the given Dust template. If there are any errors, Swiffer displays these then exits. If the template is successfully parsed, Swiffer walks the AST and checks all applicable rules for each node of the tree.\u000a\u000aGetting Started:\u000a================\u000a\u000a1. run `npm install -g swiffer`\u000a4. Go wild. Create your own rules in .swifferrc and test your own templates.\u000a\u000aDSL examples:\u000a===========\u000a```\u000a[\u000a  {\u000a    \"name\": \"ifDeprecation\",\u000a    \"description\": \"The @if creates a security hole and should be repalced by @eq, @gt, @lt, etc.\",\u000a    \"target\": {\u000a      \"type\": \"@\",\u000a      \"matches\": \"if\"\u000a    }\u000a  },\u000a  {\u000a    \"name\": \"special characters\",\u000a    \"description\": \"Use one of the available special characters: s, n, r, lb, rb\",\u000a    \"target\": {\u000a      \"type\": \"special\"\u000a    },\u000a    \"conditions\": {\u000a      \"matches\": \"[s|n|r|lb|rb]\"\u000a    }\u000a  },\u000a  {\u000a    \"name\": \"jsControl |j|s\",\u000a    \"description\": \"references within a jsControl should have |j|s\",\u000a    \"target\": {\u000a      \"type\": \"reference\",\u000a      \"within\": \"@jsControl\"\u000a    },\u000a    \"conditions\": {\u000a      \"has\": {\u000a        \"filters\": [\"j\", \"s\"]\u000a      }\u000a    }\u000a  }\u000a]\u000a```\u000a","homepage":"https://github.com/smfoote/Swiffer.js","_id":"swiffer@0.0.6","_shasum":"f2817eea6eabcb4bffbcaa2b2bfc514ff8ddb23d","_from":".","_npmVersion":"1.4.9","_npmUser":{"name":"smfoote","email":"smfoote@gmail.com"},"maintainers":[{"name":"smfoote","email":"smfoote@gmail.com"}],"dist":{"shasum":"f2817eea6eabcb4bffbcaa2b2bfc514ff8ddb23d","tarball":"http://registry.npmjs.org/swiffer/-/swiffer-0.0.6.tgz"}}: swiffer
54 error     at RegClient.<anonymous> (/Users/sfoote/.nvm/v0.10.28/lib/node_modules/npm/node_modules/npm-registry-client/lib/request.js:273:14)
54 error     at Request._callback (/Users/sfoote/.nvm/v0.10.28/lib/node_modules/npm/node_modules/npm-registry-client/lib/request.js:211:65)
54 error     at Request.self.callback (/Users/sfoote/.nvm/v0.10.28/lib/node_modules/npm/node_modules/request/request.js:123:22)
54 error     at Request.EventEmitter.emit (events.js:98:17)
54 error     at Request.<anonymous> (/Users/sfoote/.nvm/v0.10.28/lib/node_modules/npm/node_modules/request/request.js:893:14)
54 error     at Request.EventEmitter.emit (events.js:117:20)
54 error     at IncomingMessage.<anonymous> (/Users/sfoote/.nvm/v0.10.28/lib/node_modules/npm/node_modules/request/request.js:844:12)
54 error     at IncomingMessage.EventEmitter.emit (events.js:117:20)
54 error     at _stream_readable.js:919:16
54 error     at process._tickCallback (node.js:419:13)
55 error If you need help, you may report this *entire* log,
55 error including the npm and node versions, at:
55 error     <http://github.com/npm/npm/issues>
56 error System Darwin 13.2.0
57 error command "/Users/sfoote/.nvm/v0.10.28/bin/node" "/Users/sfoote/.nvm/v0.10.28/bin/npm" "publish" "."
58 error cwd /Users/sfoote/github/Swiffer.js
59 error node -v v0.10.28
60 error npm -v 1.4.9
61 verbose exit [ 1, true ]
